<?xml version="1.0" encoding="UTF-8"?>
<!-- Generated by org.testng.reporters.JUnitXMLReporter -->
<testsuite hostname="PTP01" ignored="0" name="Surefire test" tests="6" failures="0" timestamp="2021-05-23T14:56:16 IST" time="0.04" errors="0">
  <testcase name="iOSApp" time="0.005" classname="MavenProject.MavenSelenium.AppiumTest"/>
  <testcase name="nativeAppAnroid" time="0.0" classname="MavenProject.MavenSelenium.AppiumTest"/>
  <testcase name="postJira" time="0.001" classname="MavenProject.MavenSelenium.RestAPITest"/>
  <testcase name="twitterDelete" time="0.0" classname="MavenProject.MavenSelenium.RestAPITest"/>
  <testcase name="browserLaunch" time="0.0" classname="MavenProject.MavenSelenium.SeleniumWebTest"/>
  <testcase name="elementUI" time="0.0" classname="MavenProject.MavenSelenium.SeleniumWebTest"/>
</testsuite> <!-- Surefire test -->
