<?xml version="1.0" encoding="UTF-8"?>
<testng-results skipped="0" failed="0" ignored="0" total="2" passed="2">
  <reporter-output>
  </reporter-output>
  <suite name="Surefire suite" duration-ms="31" started-at="2021-05-23T13:58:40 IST" finished-at="2021-05-23T13:58:40 IST">
    <groups>
    </groups>
    <test name="Surefire test" duration-ms="31" started-at="2021-05-23T13:58:40 IST" finished-at="2021-05-23T13:58:40 IST">
      <class name="MavenProject.MavenSelenium.AppiumTest">
        <test-method status="PASS" signature="iOSApp()[pri:0, instance:MavenProject.MavenSelenium.AppiumTest@65e2dbf3]" name="iOSApp" duration-ms="4" started-at="2021-05-23T13:58:40 IST" finished-at="2021-05-23T13:58:40 IST">
          <reporter-output>
          </reporter-output>
        </test-method> <!-- iOSApp -->
        <test-method status="PASS" signature="nativeAppAnroid()[pri:0, instance:MavenProject.MavenSelenium.AppiumTest@65e2dbf3]" name="nativeAppAnroid" duration-ms="0" started-at="2021-05-23T13:58:40 IST" finished-at="2021-05-23T13:58:40 IST">
          <reporter-output>
          </reporter-output>
        </test-method> <!-- nativeAppAnroid -->
      </class> <!-- MavenProject.MavenSelenium.AppiumTest -->
    </test> <!-- Surefire test -->
  </suite> <!-- Surefire suite -->
</testng-results>
