<?xml version="1.0" encoding="UTF-8"?>
<testsuite xmlns:xsi="http://www.w3.org/2001/XMLSchema-instance" xsi:noNamespaceSchemaLocation="https://maven.apache.org/surefire/maven-surefire-plugin/xsd/surefire-test-report-3.0.xsd" version="3.0" name="MavenProject.MavenSelenium.SeleniumWebTest" time="0.45" tests="2" errors="0" skipped="0" failures="0">
  <properties>
[...]
</properties>
  <testcase name="browserLaunch" classname="MavenProject.MavenSelenium.SeleniumWebTest" time="0.007">
    <system-out><![CDATA[browserLaunch
]]></system-out>
  </testcase>
  <testcase name="elementUI" classname="MavenProject.MavenSelenium.SeleniumWebTest" time="0">
    <system-out><![CDATA[elementUI
]]></system-out>
  </testcase>
</testsuite>