<?xml version="1.0" encoding="UTF-8"?>
<testng-results skipped="0" failed="0" ignored="0" total="4" passed="4">
  <reporter-output>
  </reporter-output>
  <suite name="Suite" duration-ms="35" started-at="2021-05-23T15:01:01 IST" finished-at="2021-05-23T15:01:01 IST">
    <groups>
    </groups>
    <test name="Test" duration-ms="35" started-at="2021-05-23T15:01:01 IST" finished-at="2021-05-23T15:01:01 IST">
      <class name="MavenProject.MavenSelenium.SeleniumWebTest">
        <test-method status="PASS" signature="browserLaunch()[pri:0, instance:MavenProject.MavenSelenium.SeleniumWebTest@4f970963]" name="browserLaunch" duration-ms="0" started-at="2021-05-23T15:01:01 IST" finished-at="2021-05-23T15:01:01 IST">
          <reporter-output>
          </reporter-output>
        </test-method> <!-- browserLaunch -->
        <test-method status="PASS" signature="elementUI()[pri:0, instance:MavenProject.MavenSelenium.SeleniumWebTest@4f970963]" name="elementUI" duration-ms="0" started-at="2021-05-23T15:01:01 IST" finished-at="2021-05-23T15:01:01 IST">
          <reporter-output>
          </reporter-output>
        </test-method> <!-- elementUI -->
      </class> <!-- MavenProject.MavenSelenium.SeleniumWebTest -->
      <class name="MavenProject.MavenSelenium.AppiumTest">
        <test-method status="PASS" signature="iOSApp()[pri:0, instance:MavenProject.MavenSelenium.AppiumTest@65e2dbf3]" name="iOSApp" duration-ms="4" started-at="2021-05-23T15:01:01 IST" finished-at="2021-05-23T15:01:01 IST">
          <reporter-output>
          </reporter-output>
        </test-method> <!-- iOSApp -->
        <test-method status="PASS" signature="nativeAppAnroid()[pri:0, instance:MavenProject.MavenSelenium.AppiumTest@65e2dbf3]" name="nativeAppAnroid" duration-ms="1" started-at="2021-05-23T15:01:01 IST" finished-at="2021-05-23T15:01:01 IST">
          <reporter-output>
          </reporter-output>
        </test-method> <!-- nativeAppAnroid -->
      </class> <!-- MavenProject.MavenSelenium.AppiumTest -->
    </test> <!-- Test -->
  </suite> <!-- Suite -->
</testng-results>
